<?xml version="1.0" encoding="UTF-8"?>
<testng-results ignored="0" total="1" passed="0" failed="1" skipped="0">
  <reporter-output>
  </reporter-output>
  <suite started-at="2023-07-04T15:51:11 IST" name="Default suite" finished-at="2023-07-04T15:51:28 IST" duration-ms="16237">
    <groups>
      <group name="cucumber">
        <method signature="AbstractTestNGCucumberTests.runScenario(io.cucumber.testng.PickleWrapper,io.cucumber.testng.FeatureWrapper)[pri:0, instance:testRunner.Runner@17f9d882]" name="runScenario" class="io.cucumber.testng.AbstractTestNGCucumberTests"/>
      </group> <!-- cucumber -->
    </groups>
    <test started-at="2023-07-04T15:51:11 IST" name="Default test" finished-at="2023-07-04T15:51:28 IST" duration-ms="16237">
      <class name="testRunner.Runner">
        <test-method is-config="true" signature="setUpClass()[pri:0, instance:testRunner.Runner@17f9d882]" started-at="2023-07-04T15:51:11 IST" name="setUpClass" finished-at="2023-07-04T15:51:12 IST" duration-ms="445" status="PASS">
          <reporter-output>
          </reporter-output>
        </test-method> <!-- setUpClass -->
        <test-method signature="runScenario(io.cucumber.testng.PickleWrapper,io.cucumber.testng.FeatureWrapper)[pri:0, instance:testRunner.Runner@17f9d882]" started-at="2023-07-04T15:51:12 IST" name="runScenario" description="Runs Cucumber Scenarios" data-provider="scenarios" finished-at="2023-07-04T15:51:27 IST" duration-ms="15525" status="FAIL">
          <params>
            <param index="0">
              <value>
                <![CDATA["Validate the Login functionality"]]>
              </value>
            </param>
            <param index="1">
              <value>
                <![CDATA["Optional[Book the hotel]"]]>
              </value>
            </param>
          </params>
          <exception class="java.io.FileNotFoundException">
            <message>
              <![CDATA[C:\Users\Dell\eclipse-workspace\selenium2022\Intranet_Time_sheet\addactin.properties (The system cannot find the path specified)]]>
            </message>
            <full-stacktrace>
              <![CDATA[java.io.FileNotFoundException: C:\Users\Dell\eclipse-workspace\selenium2022\Intranet_Time_sheet\addactin.properties (The system cannot find the path specified)
at java.base/java.io.FileInputStream.open0(Native Method)
at java.base/java.io.FileInputStream.open(FileInputStream.java:216)
at java.base/java.io.FileInputStream.<init>(FileInputStream.java:157)
at utility.Utility.read_property_file(Utility.java:66)
at stepdefenition.Stepdef.in_search_hotel_enter_the_deatils_and_and_and_and_and_and(Stepdef.java:50)
at ✽.In search hotel Enter the deatils "Location" and "Hotels" and "Room_Type" and "Number_of_rooms" and "Check_In_Date" and "Check_out_date" and "Adults_per_room" "Children_per_room"(file:///C:/Users/WELCOME/Downloads/Intranet_Time_sheet/src/test/resources/Features/intranet.feature:8)
]]>
            </full-stacktrace>
          </exception> <!-- java.io.FileNotFoundException -->
          <reporter-output>
          </reporter-output>
        </test-method> <!-- runScenario -->
        <test-method is-config="true" signature="tearDownClass()[pri:0, instance:testRunner.Runner@17f9d882]" started-at="2023-07-04T15:51:27 IST" name="tearDownClass" finished-at="2023-07-04T15:51:28 IST" duration-ms="187" status="PASS">
          <reporter-output>
          </reporter-output>
        </test-method> <!-- tearDownClass -->
      </class> <!-- testRunner.Runner -->
    </test> <!-- Default test -->
  </suite> <!-- Default suite -->
</testng-results>
