<?xml version="1.0" encoding="UTF-8"?>
<!-- Generated by org.testng.reporters.JUnitReportReporter -->
<testsuite hostname="DESKTOP-SPQP1B8" failures="0" tests="1" name="testRunner.Runner" time="15.525" errors="1" timestamp="2023-07-04T15:51:28 IST" skipped="0">
  <testcase classname="testRunner.Runner" name="runScenario" time="15.525">
    <error message="C:\Users\Dell\eclipse-workspace\selenium2022\Intranet_Time_sheet\addactin.properties (The system cannot find the path specified)" type="java.io.FileNotFoundException">
      <![CDATA[java.io.FileNotFoundException: C:\Users\Dell\eclipse-workspace\selenium2022\Intranet_Time_sheet\addactin.properties (The system cannot find the path specified)
at java.base/java.io.FileInputStream.open0(Native Method)
at java.base/java.io.FileInputStream.open(FileInputStream.java:216)
at java.base/java.io.FileInputStream.<init>(FileInputStream.java:157)
at utility.Utility.read_property_file(Utility.java:66)
at stepdefenition.Stepdef.in_search_hotel_enter_the_deatils_and_and_and_and_and_and(Stepdef.java:50)
at ✽.In search hotel Enter the deatils "Location" and "Hotels" and "Room_Type" and "Number_of_rooms" and "Check_In_Date" and "Check_out_date" and "Adults_per_room" "Children_per_room"(file:///C:/Users/WELCOME/Downloads/Intranet_Time_sheet/src/test/resources/Features/intranet.feature:8)
]]>
    </error>
  </testcase> <!-- runScenario -->
  <system-out/>
</testsuite> <!-- testRunner.Runner -->
